<?xml version="1.0" encoding="UTF-8"?>
<!-- Generated by org.testng.reporters.JUnitReportReporter -->
<testsuite skipped="1" hostname="Dannys-MacBook-Pro.local" name="com.syntaxTestCases.AddEmployeePageTest" tests="1" failures="0" timestamp="15 Jun 2019 18:52:09 GMT" time="0.000" errors="0">
  <testcase name="addEmployee" time="0.000" classname="com.syntaxTestCases.AddEmployeePageTest">
    <skipped/>
  </testcase> <!-- addEmployee -->
</testsuite> <!-- com.syntaxTestCases.AddEmployeePageTest -->
