<?xml version="1.0" encoding="UTF-8"?>
<!-- Generated by org.testng.reporters.JUnitReportReporter -->
<testsuite skipped="0" hostname="Dannys-MacBook-Pro.local" name="com.syntaxTestCases.LoginPageTest" tests="2" failures="0" timestamp="15 Jun 2019 18:50:57 GMT" time="12.710" errors="0">
  <testcase name="loginToOrangeHRM" time="6.093" classname="com.syntaxTestCases.LoginPageTest"/>
  <testcase name="doLogin" time="6.617" classname="com.syntaxTestCases.LoginPageTest"/>
</testsuite> <!-- com.syntaxTestCases.LoginPageTest -->
